# JRE version: OpenJDK Runtime Environment JBR-11.0.11.9-1504.13-jcef (11.0.11+9) (build 11.0.11+9-b1504.13)
# Java VM: OpenJDK 64-Bit Server VM JBR-11.0.11.9-1504.13-jcef (11.0.11+9-b1504.13, mixed mode, tiered, compressed oops, g1 gc, windows-amd64)
Heap:
 garbage-first heap   total 131072K, used 15704K [0x0000000081000000, 0x0000000100000000)
  region size 1024K, 12 young (12288K), 0 survivors (0K)
 Metaspace       used 15478K, capacity 15993K, committed 16384K, reserved 1064960K
  class space    used 1445K, capacity 1612K, committed 1792K, reserved 1048576K
GC Heap History (8 events):
Event: 685.603 GC heap before
{Heap before GC invocations=0 (full 0):
 garbage-first heap   total 131072K, used 25600K [0x0000000081000000, 0x0000000100000000)
  region size 1024K, 24 young (24576K), 0 survivors (0K)
 Metaspace       used 14351K, capacity 14885K, committed 14976K, reserved 1062912K
  class space    used 1423K, capacity 1627K, committed 1664K, reserved 1048576K
}
Event: 685.613 GC heap after
{Heap after GC invocations=1 (full 0):
 garbage-first heap   total 131072K, used 4650K [0x0000000081000000, 0x0000000100000000)
  region size 1024K, 3 young (3072K), 3 survivors (3072K)
 Metaspace       used 14351K, capacity 14885K, committed 14976K, reserved 1062912K
  class space    used 1423K, capacity 1627K, committed 1664K, reserved 1048576K
}
Event: 4285.632 GC heap before
{Heap before GC invocations=1 (full 0):
 garbage-first heap   total 131072K, used 66090K [0x0000000081000000, 0x0000000100000000)
  region size 1024K, 64 young (65536K), 3 survivors (3072K)
 Metaspace       used 15553K, capacity 16203K, committed 16384K, reserved 1064960K
  class space    used 1525K, capacity 1769K, committed 1792K, reserved 1048576K
}
Event: 4285.657 GC heap after
{Heap after GC invocations=2 (full 1):
 garbage-first heap   total 131072K, used 4825K [0x0000000081000000, 0x0000000100000000)
  region size 1024K, 0 young (0K), 0 survivors (0K)
 Metaspace       used 15552K, capacity 16200K, committed 16384K, reserved 1064960K
  class space    used 1524K, capacity 1768K, committed 1792K, reserved 1048576K
}
Event: 7885.653 GC heap before
{Heap before GC invocations=2 (full 1):
 garbage-first heap   total 131072K, used 41689K [0x0000000081000000, 0x0000000100000000)
  region size 1024K, 37 young (37888K), 0 survivors (0K)
 Metaspace       used 15567K, capacity 16207K, committed 16384K, reserved 1064960K
  class space    used 1525K, capacity 1769K, committed 1792K, reserved 1048576K
}
Event: 7885.673 GC heap after
{Heap after GC invocations=3 (full 2):
 garbage-first heap   total 131072K, used 4410K [0x0000000081000000, 0x0000000100000000)
  region size 1024K, 0 young (0K), 0 survivors (0K)
 Metaspace       used 15190K, capacity 15623K, committed 16384K, reserved 1064960K
  class space    used 1420K, capacity 1566K, committed 1792K, reserved 1048576K
}
Event: 11485.674 GC heap before
{Heap before GC invocations=3 (full 2):
 garbage-first heap   total 131072K, used 43322K [0x0000000081000000, 0x0000000100000000)
  region size 1024K, 39 young (39936K), 0 survivors (0K)
 Metaspace       used 15466K, capacity 15993K, committed 16384K, reserved 1064960K
  class space    used 1445K, capacity 1612K, committed 1792K, reserved 1048576K
}
Event: 11485.686 GC heap after
{Heap after GC invocations=4 (full 3):
 garbage-first heap   total 131072K, used 4440K [0x0000000081000000, 0x0000000100000000)
  region size 1024K, 0 young (0K), 0 survivors (0K)
 Metaspace       used 15466K, capacity 15993K, committed 16384K, reserved 1064960K
  class space    used 1445K, capacity 1612K, committed 1792K, reserved 1048576K
}

